<?xml version="1.0" encoding="UTF-8"?>
<!-- Generated by org.testng.reporters.JUnitReportReporter -->
<testsuite hostname="VDX2816" failures="0" tests="1" name="Academy.ValidateTitle" time="0.485" errors="0" timestamp="2021-05-20T19:42:29 NZST" skipped="0">
  <testcase classname="Academy.ValidateTitle" name="basePageNavigation" time="0.485"/>
  <system-out/>
</testsuite> <!-- Academy.ValidateTitle -->
